<?xml version="1.0" encoding="UTF-8"?>
<!-- Generated by org.testng.reporters.JUnitReportReporter -->
<testsuite hostname="KC-Reddy-Laptop" failures="0" tests="1" name="OrangeHRM.testCases.global.LoginTest" time="28.141" errors="0" timestamp="2023-07-06T18:53:38 IST" skipped="0">
  <testcase classname="OrangeHRM.testCases.global.LoginTest" name="loginValidationTest" time="28.141"/>
  <system-out/>
</testsuite> <!-- OrangeHRM.testCases.global.LoginTest -->
